  [4;36;1mSQL (0.2ms)[0m   [0;1mSET SQL_AUTO_IS_NULL=0[0m
  [4;35;1mSQL (0.4ms)[0m   [0mSHOW TABLES[0m
  [4;36;1mSQL (1.9ms)[0m   [0;1mCREATE TABLE `schema_migrations` (`version` varchar(255) NOT NULL) ENGINE=InnoDB[0m
  [4;35;1mSQL (4.3ms)[0m   [0mCREATE UNIQUE INDEX `unique_schema_migrations` ON `schema_migrations` (`version`)[0m
  [4;36;1mSQL (0.3ms)[0m   [0;1mSHOW TABLES[0m
  [4;35;1mSQL (0.3ms)[0m   [0mSELECT version FROM schema_migrations[0m
Migrating to CreateUsers (20090729213350)
  [4;36;1mSQL (2.0ms)[0m   [0;1mCREATE TABLE `users` (`id` int(11) DEFAULT NULL auto_increment PRIMARY KEY) ENGINE=InnoDB[0m
  [4;35;1mSQL (0.6ms)[0m   [0mINSERT INTO schema_migrations (version) VALUES ('20090729213350')[0m
Migrating to CreateLanguages (20090729213415)
  [4;36;1mSQL (1.7ms)[0m   [0;1mCREATE TABLE `languages` (`id` int(11) DEFAULT NULL auto_increment PRIMARY KEY, `name` varchar(255)) ENGINE=InnoDB[0m
  [4;35;1mSQL (4.4ms)[0m   [0mCREATE INDEX `index_languages_on_name` ON `languages` (`name`)[0m
  [4;36;1mSQL (0.6ms)[0m   [0;1mINSERT INTO schema_migrations (version) VALUES ('20090729213415')[0m
Migrating to CreateRepos (20090729213449)
  [4;35;1mSQL (1.8ms)[0m   [0mCREATE TABLE `repos` (`id` int(11) DEFAULT NULL auto_increment PRIMARY KEY) ENGINE=InnoDB[0m
  [4;36;1mSQL (0.6ms)[0m   [0;1mINSERT INTO schema_migrations (version) VALUES ('20090729213449')[0m
Migrating to CreateRepoLanguages (20090729213634)
  [4;35;1mSQL (1.9ms)[0m   [0mCREATE TABLE `repo_languages` (`id` int(11) DEFAULT NULL auto_increment PRIMARY KEY, `repo_id` int(11), `language_id` int(11)) ENGINE=InnoDB[0m
  [4;36;1mSQL (4.8ms)[0m   [0;1mCREATE INDEX `index_repo_languages_on_repo_id` ON `repo_languages` (`repo_id`)[0m
  [4;35;1mSQL (4.7ms)[0m   [0mCREATE INDEX `index_repo_languages_on_language_id` ON `repo_languages` (`language_id`)[0m
  [4;36;1mSQL (0.7ms)[0m   [0;1mINSERT INTO schema_migrations (version) VALUES ('20090729213634')[0m
Migrating to CreateUserRepos (20090729213718)
  [4;35;1mSQL (2.1ms)[0m   [0mCREATE TABLE `user_repos` (`id` int(11) DEFAULT NULL auto_increment PRIMARY KEY, `repo_id` int(11), `user_id` int(11)) ENGINE=InnoDB[0m
  [4;36;1mSQL (5.6ms)[0m   [0;1mCREATE INDEX `index_user_repos_on_repo_id` ON `user_repos` (`repo_id`)[0m
  [4;35;1mSQL (6.2ms)[0m   [0mCREATE INDEX `index_user_repos_on_user_id` ON `user_repos` (`user_id`)[0m
  [4;36;1mSQL (0.7ms)[0m   [0;1mINSERT INTO schema_migrations (version) VALUES ('20090729213718')[0m
  [4;35;1mSQL (0.4ms)[0m   [0mSHOW TABLES[0m
  [4;36;1mSQL (0.2ms)[0m   [0;1mSELECT version FROM schema_migrations[0m
  [4;35;1mSQL (0.2ms)[0m   [0mSHOW TABLES[0m
  [4;36;1mSQL (1.8ms)[0m   [0;1mSHOW FIELDS FROM `languages`[0m
  [4;35;1mSQL (1.6ms)[0m   [0mdescribe `languages`[0m
  [4;36;1mSQL (0.6ms)[0m   [0;1mSHOW KEYS FROM `languages`[0m
  [4;35;1mSQL (1.2ms)[0m   [0mSHOW FIELDS FROM `repo_languages`[0m
  [4;36;1mSQL (1.7ms)[0m   [0;1mdescribe `repo_languages`[0m
  [4;35;1mSQL (0.8ms)[0m   [0mSHOW KEYS FROM `repo_languages`[0m
  [4;36;1mSQL (1.2ms)[0m   [0;1mSHOW FIELDS FROM `repos`[0m
  [4;35;1mSQL (1.6ms)[0m   [0mdescribe `repos`[0m
  [4;36;1mSQL (0.4ms)[0m   [0;1mSHOW KEYS FROM `repos`[0m
  [4;35;1mSQL (1.7ms)[0m   [0mSHOW FIELDS FROM `user_repos`[0m
  [4;36;1mSQL (1.6ms)[0m   [0;1mdescribe `user_repos`[0m
  [4;35;1mSQL (1.0ms)[0m   [0mSHOW KEYS FROM `user_repos`[0m
  [4;36;1mSQL (1.3ms)[0m   [0;1mSHOW FIELDS FROM `users`[0m
  [4;35;1mSQL (1.9ms)[0m   [0mdescribe `users`[0m
  [4;36;1mSQL (0.6ms)[0m   [0;1mSHOW KEYS FROM `users`[0m
  [4;36;1mSQL (0.2ms)[0m   [0;1mSET SQL_AUTO_IS_NULL=0[0m
  [4;35;1mSQL (0.4ms)[0m   [0mSHOW TABLES[0m
  [4;36;1mSQL (0.2ms)[0m   [0;1mSELECT version FROM schema_migrations[0m
  [4;35;1mSQL (0.2ms)[0m   [0mSHOW TABLES[0m
  [4;36;1mSQL (0.1ms)[0m   [0;1mSELECT version FROM schema_migrations[0m
Migrating to CreateUserRepos (20090729213718)
  [4;35;1mSQL (1.8ms)[0m   [0mDROP TABLE `user_repos`[0m
  [4;36;1mSQL (0.7ms)[0m   [0;1mDELETE FROM schema_migrations WHERE version = '20090729213718'[0m
  [4;35;1mSQL (0.4ms)[0m   [0mSHOW TABLES[0m
  [4;36;1mSQL (0.2ms)[0m   [0;1mSELECT version FROM schema_migrations[0m
  [4;35;1mSQL (0.2ms)[0m   [0mSHOW TABLES[0m
  [4;36;1mSQL (1.3ms)[0m   [0;1mSHOW FIELDS FROM `languages`[0m
  [4;35;1mSQL (1.3ms)[0m   [0mdescribe `languages`[0m
  [4;36;1mSQL (0.9ms)[0m   [0;1mSHOW KEYS FROM `languages`[0m
  [4;35;1mSQL (1.2ms)[0m   [0mSHOW FIELDS FROM `repo_languages`[0m
  [4;36;1mSQL (1.6ms)[0m   [0;1mdescribe `repo_languages`[0m
  [4;35;1mSQL (0.6ms)[0m   [0mSHOW KEYS FROM `repo_languages`[0m
  [4;36;1mSQL (1.0ms)[0m   [0;1mSHOW FIELDS FROM `repos`[0m
  [4;35;1mSQL (1.6ms)[0m   [0mdescribe `repos`[0m
  [4;36;1mSQL (0.6ms)[0m   [0;1mSHOW KEYS FROM `repos`[0m
  [4;35;1mSQL (1.1ms)[0m   [0mSHOW FIELDS FROM `users`[0m
  [4;36;1mSQL (1.5ms)[0m   [0;1mdescribe `users`[0m
  [4;35;1mSQL (0.6ms)[0m   [0mSHOW KEYS FROM `users`[0m
  [4;36;1mSQL (0.2ms)[0m   [0;1mSET SQL_AUTO_IS_NULL=0[0m
  [4;35;1mSQL (0.4ms)[0m   [0mSHOW TABLES[0m
  [4;36;1mSQL (0.2ms)[0m   [0;1mSELECT version FROM schema_migrations[0m
  [4;35;1mSQL (0.2ms)[0m   [0mSHOW TABLES[0m
  [4;36;1mSQL (0.1ms)[0m   [0;1mSELECT version FROM schema_migrations[0m
Migrating to CreateRepoLanguages (20090729213634)
  [4;35;1mSQL (2.0ms)[0m   [0mDROP TABLE `repo_languages`[0m
  [4;36;1mSQL (0.7ms)[0m   [0;1mDELETE FROM schema_migrations WHERE version = '20090729213634'[0m
  [4;35;1mSQL (0.4ms)[0m   [0mSHOW TABLES[0m
  [4;36;1mSQL (0.2ms)[0m   [0;1mSELECT version FROM schema_migrations[0m
  [4;35;1mSQL (0.2ms)[0m   [0mSHOW TABLES[0m
  [4;36;1mSQL (1.3ms)[0m   [0;1mSHOW FIELDS FROM `languages`[0m
  [4;35;1mSQL (2.3ms)[0m   [0mdescribe `languages`[0m
  [4;36;1mSQL (0.9ms)[0m   [0;1mSHOW KEYS FROM `languages`[0m
  [4;35;1mSQL (1.0ms)[0m   [0mSHOW FIELDS FROM `repos`[0m
  [4;36;1mSQL (1.6ms)[0m   [0;1mdescribe `repos`[0m
  [4;35;1mSQL (0.6ms)[0m   [0mSHOW KEYS FROM `repos`[0m
  [4;36;1mSQL (1.0ms)[0m   [0;1mSHOW FIELDS FROM `users`[0m
  [4;35;1mSQL (1.4ms)[0m   [0mdescribe `users`[0m
  [4;36;1mSQL (0.7ms)[0m   [0;1mSHOW KEYS FROM `users`[0m
  [4;36;1mSQL (0.2ms)[0m   [0;1mSET SQL_AUTO_IS_NULL=0[0m
  [4;35;1mSQL (0.4ms)[0m   [0mSHOW TABLES[0m
  [4;36;1mSQL (0.2ms)[0m   [0;1mSELECT version FROM schema_migrations[0m
  [4;35;1mSQL (0.2ms)[0m   [0mSHOW TABLES[0m
  [4;36;1mSQL (0.1ms)[0m   [0;1mSELECT version FROM schema_migrations[0m
Migrating to CreateRepos (20090729213449)
  [4;35;1mSQL (1.8ms)[0m   [0mDROP TABLE `repos`[0m
  [4;36;1mSQL (0.6ms)[0m   [0;1mDELETE FROM schema_migrations WHERE version = '20090729213449'[0m
  [4;35;1mSQL (0.4ms)[0m   [0mSHOW TABLES[0m
  [4;36;1mSQL (0.2ms)[0m   [0;1mSELECT version FROM schema_migrations[0m
  [4;35;1mSQL (0.2ms)[0m   [0mSHOW TABLES[0m
  [4;36;1mSQL (1.4ms)[0m   [0;1mSHOW FIELDS FROM `languages`[0m
  [4;35;1mSQL (2.3ms)[0m   [0mdescribe `languages`[0m
  [4;36;1mSQL (0.7ms)[0m   [0;1mSHOW KEYS FROM `languages`[0m
  [4;35;1mSQL (1.1ms)[0m   [0mSHOW FIELDS FROM `users`[0m
  [4;36;1mSQL (1.4ms)[0m   [0;1mdescribe `users`[0m
  [4;35;1mSQL (0.6ms)[0m   [0mSHOW KEYS FROM `users`[0m
  [4;36;1mSQL (0.2ms)[0m   [0;1mSET SQL_AUTO_IS_NULL=0[0m
  [4;35;1mSQL (0.4ms)[0m   [0mSHOW TABLES[0m
  [4;36;1mSQL (0.2ms)[0m   [0;1mSELECT version FROM schema_migrations[0m
  [4;35;1mSQL (0.2ms)[0m   [0mSHOW TABLES[0m
  [4;36;1mSQL (0.1ms)[0m   [0;1mSELECT version FROM schema_migrations[0m
Migrating to CreateLanguages (20090729213415)
  [4;35;1mSQL (2.0ms)[0m   [0mDROP TABLE `languages`[0m
  [4;36;1mSQL (0.8ms)[0m   [0;1mDELETE FROM schema_migrations WHERE version = '20090729213415'[0m
  [4;35;1mSQL (0.3ms)[0m   [0mSHOW TABLES[0m
  [4;36;1mSQL (0.2ms)[0m   [0;1mSELECT version FROM schema_migrations[0m
  [4;35;1mSQL (0.2ms)[0m   [0mSHOW TABLES[0m
  [4;36;1mSQL (1.3ms)[0m   [0;1mSHOW FIELDS FROM `users`[0m
  [4;35;1mSQL (2.5ms)[0m   [0mdescribe `users`[0m
  [4;36;1mSQL (1.0ms)[0m   [0;1mSHOW KEYS FROM `users`[0m
  [4;36;1mSQL (0.2ms)[0m   [0;1mSET SQL_AUTO_IS_NULL=0[0m
  [4;35;1mSQL (0.5ms)[0m   [0mSHOW TABLES[0m
  [4;36;1mSQL (0.2ms)[0m   [0;1mSELECT version FROM schema_migrations[0m
Migrating to CreateUsers (20090729213350)
Migrating to CreateLanguages (20090729213415)
  [4;35;1mSQL (2.5ms)[0m   [0mCREATE TABLE `languages` (`id` int(11) DEFAULT NULL auto_increment PRIMARY KEY, `name` varchar(255)) ENGINE=InnoDB[0m
  [4;36;1mSQL (4.9ms)[0m   [0;1mCREATE INDEX `index_languages_on_name` ON `languages` (`name`)[0m
  [4;35;1mSQL (0.6ms)[0m   [0mINSERT INTO schema_migrations (version) VALUES ('20090729213415')[0m
Migrating to CreateRepos (20090729213449)
  [4;36;1mSQL (1.9ms)[0m   [0;1mCREATE TABLE `repos` (`id` int(11) DEFAULT NULL auto_increment PRIMARY KEY, `users_count` int(11)) ENGINE=InnoDB[0m
  [4;35;1mSQL (4.9ms)[0m   [0mCREATE INDEX `index_repos_on_users_count` ON `repos` (`users_count`)[0m
  [4;36;1mSQL (0.7ms)[0m   [0;1mINSERT INTO schema_migrations (version) VALUES ('20090729213449')[0m
Migrating to CreateRepoLanguages (20090729213634)
  [4;35;1mSQL (2.2ms)[0m   [0mCREATE TABLE `repo_languages` (`id` int(11) DEFAULT NULL auto_increment PRIMARY KEY, `repo_id` int(11), `language_id` int(11)) ENGINE=InnoDB[0m
  [4;36;1mSQL (5.0ms)[0m   [0;1mCREATE INDEX `index_repo_languages_on_repo_id` ON `repo_languages` (`repo_id`)[0m
  [4;35;1mSQL (8.5ms)[0m   [0mCREATE INDEX `index_repo_languages_on_language_id` ON `repo_languages` (`language_id`)[0m
  [4;36;1mSQL (0.7ms)[0m   [0;1mINSERT INTO schema_migrations (version) VALUES ('20090729213634')[0m
Migrating to CreateUserRepos (20090729213718)
  [4;35;1mSQL (1.7ms)[0m   [0mCREATE TABLE `user_repos` (`id` int(11) DEFAULT NULL auto_increment PRIMARY KEY, `repo_id` int(11), `user_id` int(11)) ENGINE=InnoDB[0m
  [4;36;1mSQL (4.9ms)[0m   [0;1mCREATE INDEX `index_user_repos_on_repo_id` ON `user_repos` (`repo_id`)[0m
  [4;35;1mSQL (5.0ms)[0m   [0mCREATE INDEX `index_user_repos_on_user_id` ON `user_repos` (`user_id`)[0m
  [4;36;1mSQL (0.7ms)[0m   [0;1mINSERT INTO schema_migrations (version) VALUES ('20090729213718')[0m
  [4;35;1mSQL (0.4ms)[0m   [0mSHOW TABLES[0m
  [4;36;1mSQL (0.2ms)[0m   [0;1mSELECT version FROM schema_migrations[0m
  [4;35;1mSQL (0.2ms)[0m   [0mSHOW TABLES[0m
  [4;36;1mSQL (1.4ms)[0m   [0;1mSHOW FIELDS FROM `languages`[0m
  [4;35;1mSQL (1.4ms)[0m   [0mdescribe `languages`[0m
  [4;36;1mSQL (0.7ms)[0m   [0;1mSHOW KEYS FROM `languages`[0m
  [4;35;1mSQL (1.2ms)[0m   [0mSHOW FIELDS FROM `repo_languages`[0m
  [4;36;1mSQL (1.7ms)[0m   [0;1mdescribe `repo_languages`[0m
  [4;35;1mSQL (1.0ms)[0m   [0mSHOW KEYS FROM `repo_languages`[0m
  [4;36;1mSQL (1.2ms)[0m   [0;1mSHOW FIELDS FROM `repos`[0m
  [4;35;1mSQL (3.6ms)[0m   [0mdescribe `repos`[0m
  [4;36;1mSQL (0.4ms)[0m   [0;1mSHOW KEYS FROM `repos`[0m
  [4;35;1mSQL (1.4ms)[0m   [0mSHOW FIELDS FROM `user_repos`[0m
  [4;36;1mSQL (2.1ms)[0m   [0;1mdescribe `user_repos`[0m
  [4;35;1mSQL (0.6ms)[0m   [0mSHOW KEYS FROM `user_repos`[0m
  [4;36;1mSQL (1.1ms)[0m   [0;1mSHOW FIELDS FROM `users`[0m
  [4;35;1mSQL (1.5ms)[0m   [0mdescribe `users`[0m
  [4;36;1mSQL (0.8ms)[0m   [0;1mSHOW KEYS FROM `users`[0m
  [4;36;1mSQL (0.2ms)[0m   [0;1mSET SQL_AUTO_IS_NULL=0[0m
  [4;35;1mSQL (0.4ms)[0m   [0mSHOW TABLES[0m
  [4;36;1mSQL (0.2ms)[0m   [0;1mSELECT version FROM schema_migrations[0m
  [4;35;1mSQL (0.2ms)[0m   [0mSHOW TABLES[0m
  [4;36;1mSQL (0.1ms)[0m   [0;1mSELECT version FROM schema_migrations[0m
Migrating to CreateUserRepos (20090729213718)
  [4;35;1mSQL (2.1ms)[0m   [0mDROP TABLE `user_repos`[0m
  [4;36;1mSQL (0.7ms)[0m   [0;1mDELETE FROM schema_migrations WHERE version = '20090729213718'[0m
  [4;35;1mSQL (0.4ms)[0m   [0mSHOW TABLES[0m
  [4;36;1mSQL (0.2ms)[0m   [0;1mSELECT version FROM schema_migrations[0m
  [4;35;1mSQL (0.2ms)[0m   [0mSHOW TABLES[0m
  [4;36;1mSQL (1.4ms)[0m   [0;1mSHOW FIELDS FROM `languages`[0m
  [4;35;1mSQL (3.1ms)[0m   [0mdescribe `languages`[0m
  [4;36;1mSQL (0.4ms)[0m   [0;1mSHOW KEYS FROM `languages`[0m
  [4;35;1mSQL (1.1ms)[0m   [0mSHOW FIELDS FROM `repo_languages`[0m
  [4;36;1mSQL (1.6ms)[0m   [0;1mdescribe `repo_languages`[0m
  [4;35;1mSQL (0.9ms)[0m   [0mSHOW KEYS FROM `repo_languages`[0m
  [4;36;1mSQL (1.1ms)[0m   [0;1mSHOW FIELDS FROM `repos`[0m
  [4;35;1mSQL (1.5ms)[0m   [0mdescribe `repos`[0m
  [4;36;1mSQL (0.6ms)[0m   [0;1mSHOW KEYS FROM `repos`[0m
  [4;35;1mSQL (1.0ms)[0m   [0mSHOW FIELDS FROM `users`[0m
  [4;36;1mSQL (1.5ms)[0m   [0;1mdescribe `users`[0m
  [4;35;1mSQL (1.0ms)[0m   [0mSHOW KEYS FROM `users`[0m
  [4;36;1mSQL (0.2ms)[0m   [0;1mSET SQL_AUTO_IS_NULL=0[0m
  [4;35;1mSQL (0.4ms)[0m   [0mSHOW TABLES[0m
  [4;36;1mSQL (0.2ms)[0m   [0;1mSELECT version FROM schema_migrations[0m
  [4;35;1mSQL (0.3ms)[0m   [0mSHOW TABLES[0m
  [4;36;1mSQL (0.1ms)[0m   [0;1mSELECT version FROM schema_migrations[0m
Migrating to CreateRepoLanguages (20090729213634)
  [4;35;1mSQL (2.0ms)[0m   [0mDROP TABLE `repo_languages`[0m
  [4;36;1mSQL (0.7ms)[0m   [0;1mDELETE FROM schema_migrations WHERE version = '20090729213634'[0m
  [4;35;1mSQL (0.4ms)[0m   [0mSHOW TABLES[0m
  [4;36;1mSQL (0.2ms)[0m   [0;1mSELECT version FROM schema_migrations[0m
  [4;35;1mSQL (0.2ms)[0m   [0mSHOW TABLES[0m
  [4;36;1mSQL (1.3ms)[0m   [0;1mSHOW FIELDS FROM `languages`[0m
  [4;35;1mSQL (2.1ms)[0m   [0mdescribe `languages`[0m
  [4;36;1mSQL (0.7ms)[0m   [0;1mSHOW KEYS FROM `languages`[0m
  [4;35;1mSQL (1.1ms)[0m   [0mSHOW FIELDS FROM `repos`[0m
  [4;36;1mSQL (1.4ms)[0m   [0;1mdescribe `repos`[0m
  [4;35;1mSQL (0.9ms)[0m   [0mSHOW KEYS FROM `repos`[0m
  [4;36;1mSQL (1.1ms)[0m   [0;1mSHOW FIELDS FROM `users`[0m
  [4;35;1mSQL (1.7ms)[0m   [0mdescribe `users`[0m
  [4;36;1mSQL (0.7ms)[0m   [0;1mSHOW KEYS FROM `users`[0m
  [4;36;1mSQL (0.2ms)[0m   [0;1mSET SQL_AUTO_IS_NULL=0[0m
  [4;35;1mSQL (0.4ms)[0m   [0mSHOW TABLES[0m
  [4;36;1mSQL (0.2ms)[0m   [0;1mSELECT version FROM schema_migrations[0m
  [4;35;1mSQL (0.2ms)[0m   [0mSHOW TABLES[0m
  [4;36;1mSQL (0.1ms)[0m   [0;1mSELECT version FROM schema_migrations[0m
Migrating to CreateRepos (20090729213449)
  [4;35;1mSQL (1.7ms)[0m   [0mDROP TABLE `repos`[0m
  [4;36;1mSQL (0.7ms)[0m   [0;1mDELETE FROM schema_migrations WHERE version = '20090729213449'[0m
  [4;35;1mSQL (0.3ms)[0m   [0mSHOW TABLES[0m
  [4;36;1mSQL (0.1ms)[0m   [0;1mSELECT version FROM schema_migrations[0m
  [4;35;1mSQL (0.2ms)[0m   [0mSHOW TABLES[0m
  [4;36;1mSQL (1.4ms)[0m   [0;1mSHOW FIELDS FROM `languages`[0m
  [4;35;1mSQL (3.2ms)[0m   [0mdescribe `languages`[0m
  [4;36;1mSQL (0.5ms)[0m   [0;1mSHOW KEYS FROM `languages`[0m
  [4;35;1mSQL (1.0ms)[0m   [0mSHOW FIELDS FROM `users`[0m
  [4;36;1mSQL (1.7ms)[0m   [0;1mdescribe `users`[0m
  [4;35;1mSQL (0.6ms)[0m   [0mSHOW KEYS FROM `users`[0m
  [4;36;1mSQL (0.2ms)[0m   [0;1mSET SQL_AUTO_IS_NULL=0[0m
  [4;35;1mSQL (0.4ms)[0m   [0mSHOW TABLES[0m
  [4;36;1mSQL (0.2ms)[0m   [0;1mSELECT version FROM schema_migrations[0m
  [4;35;1mSQL (0.2ms)[0m   [0mSHOW TABLES[0m
  [4;36;1mSQL (0.1ms)[0m   [0;1mSELECT version FROM schema_migrations[0m
Migrating to CreateLanguages (20090729213415)
  [4;35;1mSQL (2.0ms)[0m   [0mDROP TABLE `languages`[0m
  [4;36;1mSQL (0.7ms)[0m   [0;1mDELETE FROM schema_migrations WHERE version = '20090729213415'[0m
  [4;35;1mSQL (0.4ms)[0m   [0mSHOW TABLES[0m
  [4;36;1mSQL (0.2ms)[0m   [0;1mSELECT version FROM schema_migrations[0m
  [4;35;1mSQL (0.2ms)[0m   [0mSHOW TABLES[0m
  [4;36;1mSQL (1.3ms)[0m   [0;1mSHOW FIELDS FROM `users`[0m
  [4;35;1mSQL (2.2ms)[0m   [0mdescribe `users`[0m
  [4;36;1mSQL (0.7ms)[0m   [0;1mSHOW KEYS FROM `users`[0m
  [4;36;1mSQL (0.2ms)[0m   [0;1mSET SQL_AUTO_IS_NULL=0[0m
  [4;35;1mSQL (0.4ms)[0m   [0mSHOW TABLES[0m
  [4;36;1mSQL (0.2ms)[0m   [0;1mSELECT version FROM schema_migrations[0m
Migrating to CreateUsers (20090729213350)
Migrating to CreateLanguages (20090729213415)
  [4;35;1mSQL (2.7ms)[0m   [0mCREATE TABLE `languages` (`id` int(11) DEFAULT NULL auto_increment PRIMARY KEY, `name` varchar(255)) ENGINE=InnoDB[0m
  [4;36;1mSQL (5.0ms)[0m   [0;1mCREATE INDEX `index_languages_on_name` ON `languages` (`name`)[0m
  [4;35;1mSQL (0.6ms)[0m   [0mINSERT INTO schema_migrations (version) VALUES ('20090729213415')[0m
Migrating to CreateRepos (20090729213449)
  [4;36;1mSQL (2.3ms)[0m   [0;1mCREATE TABLE `repos` (`id` int(11) DEFAULT NULL auto_increment PRIMARY KEY, `users_count` int(11) DEFAULT 0) ENGINE=InnoDB[0m
  [4;35;1mSQL (4.6ms)[0m   [0mCREATE INDEX `index_repos_on_users_count` ON `repos` (`users_count`)[0m
  [4;36;1mSQL (0.6ms)[0m   [0;1mINSERT INTO schema_migrations (version) VALUES ('20090729213449')[0m
Migrating to CreateRepoLanguages (20090729213634)
  [4;35;1mSQL (2.0ms)[0m   [0mCREATE TABLE `repo_languages` (`id` int(11) DEFAULT NULL auto_increment PRIMARY KEY, `repo_id` int(11), `language_id` int(11)) ENGINE=InnoDB[0m
  [4;36;1mSQL (4.5ms)[0m   [0;1mCREATE INDEX `index_repo_languages_on_repo_id` ON `repo_languages` (`repo_id`)[0m
  [4;35;1mSQL (5.4ms)[0m   [0mCREATE INDEX `index_repo_languages_on_language_id` ON `repo_languages` (`language_id`)[0m
  [4;36;1mSQL (0.7ms)[0m   [0;1mINSERT INTO schema_migrations (version) VALUES ('20090729213634')[0m
Migrating to CreateUserRepos (20090729213718)
  [4;35;1mSQL (1.9ms)[0m   [0mCREATE TABLE `user_repos` (`id` int(11) DEFAULT NULL auto_increment PRIMARY KEY, `repo_id` int(11), `user_id` int(11)) ENGINE=InnoDB[0m
  [4;36;1mSQL (4.6ms)[0m   [0;1mCREATE INDEX `index_user_repos_on_repo_id` ON `user_repos` (`repo_id`)[0m
  [4;35;1mSQL (6.0ms)[0m   [0mCREATE INDEX `index_user_repos_on_user_id` ON `user_repos` (`user_id`)[0m
  [4;36;1mSQL (0.6ms)[0m   [0;1mINSERT INTO schema_migrations (version) VALUES ('20090729213718')[0m
  [4;35;1mSQL (0.4ms)[0m   [0mSHOW TABLES[0m
  [4;36;1mSQL (0.2ms)[0m   [0;1mSELECT version FROM schema_migrations[0m
  [4;35;1mSQL (0.2ms)[0m   [0mSHOW TABLES[0m
  [4;36;1mSQL (1.4ms)[0m   [0;1mSHOW FIELDS FROM `languages`[0m
  [4;35;1mSQL (1.6ms)[0m   [0mdescribe `languages`[0m
  [4;36;1mSQL (0.7ms)[0m   [0;1mSHOW KEYS FROM `languages`[0m
  [4;35;1mSQL (1.2ms)[0m   [0mSHOW FIELDS FROM `repo_languages`[0m
  [4;36;1mSQL (1.5ms)[0m   [0;1mdescribe `repo_languages`[0m
  [4;35;1mSQL (0.6ms)[0m   [0mSHOW KEYS FROM `repo_languages`[0m
  [4;36;1mSQL (1.2ms)[0m   [0;1mSHOW FIELDS FROM `repos`[0m
  [4;35;1mSQL (1.4ms)[0m   [0mdescribe `repos`[0m
  [4;36;1mSQL (0.7ms)[0m   [0;1mSHOW KEYS FROM `repos`[0m
  [4;35;1mSQL (1.5ms)[0m   [0mSHOW FIELDS FROM `user_repos`[0m
  [4;36;1mSQL (1.9ms)[0m   [0;1mdescribe `user_repos`[0m
  [4;35;1mSQL (0.7ms)[0m   [0mSHOW KEYS FROM `user_repos`[0m
  [4;36;1mSQL (1.0ms)[0m   [0;1mSHOW FIELDS FROM `users`[0m
  [4;35;1mSQL (1.5ms)[0m   [0mdescribe `users`[0m
  [4;36;1mSQL (0.8ms)[0m   [0;1mSHOW KEYS FROM `users`[0m
  [4;36;1mSQL (0.2ms)[0m   [0;1mSET SQL_AUTO_IS_NULL=0[0m
  [4;35;1mRepo Columns (1.5ms)[0m   [0mSHOW FIELDS FROM `repos`[0m
  [4;36;1mSQL (4.2ms)[0m   [0;1mSELECT count(*) AS count_all FROM `repos` [0m
  [4;35;1mSQL (3.1ms)[0m   [0mSELECT count(*) AS count_all FROM `repos` [0m
  [4;36;1mUser Columns (1.3ms)[0m   [0;1mSHOW FIELDS FROM `users`[0m
  [4;35;1mSQL (3.2ms)[0m   [0mSELECT count(*) AS count_all FROM `users` [0m
  [4;36;1mSQL (5.6ms)[0m   [0;1mSELECT count(*) AS count_all FROM `repos` [0m
  [4;35;1mSQL (3.8ms)[0m   [0mSELECT count(*) AS count_all FROM `repos` [0m
  [4;36;1mLanguage Columns (2.1ms)[0m   [0;1mSHOW FIELDS FROM `languages`[0m
  [4;35;1mSQL (0.3ms)[0m   [0mSELECT count(*) AS count_all FROM `languages` [0m
  [4;36;1mSQL (0.2ms)[0m   [0;1mSELECT count(*) AS count_all FROM `languages` [0m
  [4;35;1mSQL (4.3ms)[0m   [0mSELECT count(*) AS count_all FROM `repos` [0m
  [4;36;1mSQL (4.2ms)[0m   [0;1mSELECT count(*) AS count_all FROM `repos` [0m
  [4;35;1mSQL (3.9ms)[0m   [0mSELECT count(*) AS count_all FROM `repos` [0m
  [4;36;1mSQL (4.1ms)[0m   [0;1mSELECT count(*) AS count_all FROM `repos` [0m
  [4;35;1mSQL (7.9ms)[0m   [0mSELECT count(*) AS count_all FROM `repos` [0m
  [4;36;1mSQL (8.4ms)[0m   [0;1mSELECT count(*) AS count_all FROM `repos` [0m
  [4;35;1mSQL (9.3ms)[0m   [0mSELECT count(*) AS count_all FROM `repos` [0m
  [4;36;1mSQL (8.4ms)[0m   [0;1mSELECT count(*) AS count_all FROM `repos` [0m
  [4;35;1mSQL (6.3ms)[0m   [0mSELECT count(*) AS count_all FROM `users` [0m
  [4;36;1mRepo Load (0.2ms)[0m   [0;1mSELECT * FROM `repos` ORDER BY users_count DESC LIMIT 20[0m
  [4;35;1mRepo Load (0.2ms)[0m   [0mSELECT * FROM `repos` ORDER BY users_count DESC LIMIT 20[0m
  [4;36;1mRepo Load (0.2ms)[0m   [0;1mSELECT * FROM `repos` WHERE (`repos`.`id` = 28) [0m
  [4;35;1mRepo Load (0.3ms)[0m   [0mSELECT * FROM `repos` WHERE (`repos`.`id` = 28) [0m
  [4;36;1mSQL (15.5ms)[0m   [0;1mSELECT count(*) AS count_all FROM `repos` [0m
